

Time: 2018-05-30 17:57:36 +0300
Request: GET /tests/101
Handler: TestsController#show
Parameters: {:id=>101}
Response: 200 text/html 

Time: 2018-05-30 18:00:28 +0300
Request: GET /tests/1
Handler: TestsController#show
Parameters: {:id=>1}
Response: 200 text/html 

Time: 2018-05-30 18:02:39 +0300
Request: GET /tests/1
Handler: TestsController#show
Parameters: {:id=>1}
Response: 200 text/html tests/show.html.erb

Time: 2018-05-30 18:05:01 +0300
Request: GET /tests/1
Handler: TestsController#show
Parameters: {:id=>1}
Response: 200 text/html tests/show.html.erb

Time: 2018-05-30 18:08:08 +0300
Request: GET /tests/
Handler: TestsController#index
Parameters: {}
Response: 200 text/plain tests/index.html.erb

Time: 2018-05-30 18:09:10 +0300
Request: GET /tests/
Handler: TestsController#index
Parameters: {}
Response: 200 text/plain tests/index.html.erb

Time: 2018-05-30 18:15:47 +0300
Request: GET /tests/
Handler: TestsController#index
Parameters: {}
Response: 200 text/plain 

